2025-03-11 18:30:19.955800: I tensorflow/core/platform/cpu_feature_guard.cc:210] This TensorFlow binary is optimized to use available CPU instructions in performance-critical operations.
To enable the following instructions: AVX2 AVX512F FMA, in other operations, rebuild TensorFlow with the appropriate compiler flags.
WARNING:tensorflow:From /data/class/cs175/cuevash1/.conda/envs/rl/lib/python3.11/site-packages/tensorflow/python/compat/v2_compat.py:98: disable_resource_variables (from tensorflow.python.ops.resource_variables_toggle) is deprecated and will be removed in a future version.
Instructions for updating:
non-resource variables are not supported in the long term
I0311 18:30:24.964810 140176203846656 rl_environment.py:179] Using game settings: {'betting': 'nolimit', 'bettingAbstraction': 'fcpa', 'numPlayers': 2, 'numRounds': 4, 'raiseSize': '20 20 20 20', 'blind': '10 20', 'firstPlayer': '1', 'numSuits': 4, 'numRanks': 13, 'numHoleCards': 2, 'numBoardCards': '0 3 1 1', 'stack': '2000 2000'}
WARNING: All log messages before absl::InitializeLog() is called are written to STDERR
I0000 00:00:1741743025.111901 3984195 mlir_graph_optimization_pass.cc:401] MLIR V1 optimization pass is not enabled
2025-03-11 18:30:25.406378: W tensorflow/c/c_api.cc:305] Operation '{name:'mlp_4/bias_1/Assign' id:540 op device:{requested: '', assigned: ''} def:{{{node mlp_4/bias_1/Assign}} = Assign[T=DT_FLOAT, _class=["loc:@mlp_4/bias_1"], _has_manual_control_dependencies=true, use_locking=true, validate_shape=true](mlp_4/bias_1, mlp_4/zeros_1)}}' was changed by setting attribute after it was run by a session. This mutation will have no effect, and will trigger an error in the future. Either don't modify nodes after running them or create a new session.
I0311 18:30:41.208218 140176203846656 nfsp.py:142] Losses: [(1.376687, nan), (3.2193494, nan)]
I0311 18:30:41.208742 140176203846656 nfsp.py:145] [10000] Exploitability AVG: N/A
I0311 18:30:41.208810 140176203846656 nfsp.py:146] _____________________________________________
I0311 18:30:55.673079 140176203846656 nfsp.py:142] Losses: [(0.4018442, nan), (0.9118607, nan)]
I0311 18:30:55.673517 140176203846656 nfsp.py:145] [20000] Exploitability AVG: N/A
I0311 18:30:55.673586 140176203846656 nfsp.py:146] _____________________________________________
I0311 18:31:06.598500 140176203846656 nfsp.py:142] Losses: [(0.39203966, nan), (0.6392336, nan)]
I0311 18:31:06.598898 140176203846656 nfsp.py:145] [30000] Exploitability AVG: N/A
I0311 18:31:06.598949 140176203846656 nfsp.py:146] _____________________________________________
I0311 18:31:17.803746 140176203846656 nfsp.py:142] Losses: [(0.30398357, nan), (0.58197707, nan)]
I0311 18:31:17.804115 140176203846656 nfsp.py:145] [40000] Exploitability AVG: N/A
I0311 18:31:17.804164 140176203846656 nfsp.py:146] _____________________________________________
I0311 18:31:28.479460 140176203846656 nfsp.py:142] Losses: [(0.3037356, nan), (0.45244405, nan)]
I0311 18:31:28.479569 140176203846656 nfsp.py:145] [50000] Exploitability AVG: N/A
I0311 18:31:28.479608 140176203846656 nfsp.py:146] _____________________________________________
I0311 18:31:39.345480 140176203846656 nfsp.py:142] Losses: [(0.4188429, nan), (0.3371069, nan)]
I0311 18:31:39.345847 140176203846656 nfsp.py:145] [60000] Exploitability AVG: N/A
I0311 18:31:39.345898 140176203846656 nfsp.py:146] _____________________________________________
I0311 18:31:49.944876 140176203846656 nfsp.py:142] Losses: [(0.34152007, nan), (0.44702914, nan)]
I0311 18:31:49.945255 140176203846656 nfsp.py:145] [70000] Exploitability AVG: N/A
I0311 18:31:49.945312 140176203846656 nfsp.py:146] _____________________________________________
I0311 18:32:01.399852 140176203846656 nfsp.py:142] Losses: [(0.34410125, nan), (0.39684564, nan)]
I0311 18:32:01.399960 140176203846656 nfsp.py:145] [80000] Exploitability AVG: N/A
I0311 18:32:01.400000 140176203846656 nfsp.py:146] _____________________________________________
I0311 18:32:11.758145 140176203846656 nfsp.py:142] Losses: [(0.24337667, nan), (0.27319038, nan)]
I0311 18:32:11.758518 140176203846656 nfsp.py:145] [90000] Exploitability AVG: N/A
I0311 18:32:11.758565 140176203846656 nfsp.py:146] _____________________________________________
I0311 18:32:22.490938 140176203846656 nfsp.py:142] Losses: [(0.30759004, nan), (0.37106204, nan)]
I0311 18:32:22.491051 140176203846656 nfsp.py:145] [100000] Exploitability AVG: N/A
I0311 18:32:22.491092 140176203846656 nfsp.py:146] _____________________________________________
I0311 18:32:33.161348 140176203846656 nfsp.py:142] Losses: [(0.15529284, nan), (0.35822254, nan)]
I0311 18:32:33.161725 140176203846656 nfsp.py:145] [110000] Exploitability AVG: N/A
I0311 18:32:33.161775 140176203846656 nfsp.py:146] _____________________________________________
I0311 18:32:45.317456 140176203846656 nfsp.py:142] Losses: [(0.1709059, nan), (0.3527718, nan)]
I0311 18:32:45.317568 140176203846656 nfsp.py:145] [120000] Exploitability AVG: N/A
I0311 18:32:45.317606 140176203846656 nfsp.py:146] _____________________________________________
I0311 18:32:55.656285 140176203846656 nfsp.py:142] Losses: [(0.22854397, nan), (0.31779507, nan)]
I0311 18:32:55.656589 140176203846656 nfsp.py:145] [130000] Exploitability AVG: N/A
I0311 18:32:55.656635 140176203846656 nfsp.py:146] _____________________________________________
I0311 18:33:06.062679 140176203846656 nfsp.py:142] Losses: [(0.2591902, nan), (0.32868427, nan)]
I0311 18:33:06.062867 140176203846656 nfsp.py:145] [140000] Exploitability AVG: N/A
I0311 18:33:06.062908 140176203846656 nfsp.py:146] _____________________________________________
I0311 18:33:16.407018 140176203846656 nfsp.py:142] Losses: [(0.2522529, nan), (0.3115949, nan)]
I0311 18:33:16.407125 140176203846656 nfsp.py:145] [150000] Exploitability AVG: N/A
I0311 18:33:16.407164 140176203846656 nfsp.py:146] _____________________________________________
I0311 18:33:26.935173 140176203846656 nfsp.py:142] Losses: [(0.3235696, nan), (0.30076665, nan)]
I0311 18:33:26.935285 140176203846656 nfsp.py:145] [160000] Exploitability AVG: N/A
I0311 18:33:26.935332 140176203846656 nfsp.py:146] _____________________________________________
I0311 18:33:37.234737 140176203846656 nfsp.py:142] Losses: [(0.34689194, nan), (0.20619269, nan)]
I0311 18:33:37.235105 140176203846656 nfsp.py:145] [170000] Exploitability AVG: N/A
I0311 18:33:37.235151 140176203846656 nfsp.py:146] _____________________________________________
I0311 18:33:49.271579 140176203846656 nfsp.py:142] Losses: [(0.1913065, nan), (0.25061625, nan)]
I0311 18:33:49.271688 140176203846656 nfsp.py:145] [180000] Exploitability AVG: N/A
I0311 18:33:49.271727 140176203846656 nfsp.py:146] _____________________________________________
I0311 18:33:59.651607 140176203846656 nfsp.py:142] Losses: [(0.2655667, nan), (0.26899356, nan)]
I0311 18:33:59.651720 140176203846656 nfsp.py:145] [190000] Exploitability AVG: N/A
I0311 18:33:59.651760 140176203846656 nfsp.py:146] _____________________________________________
I0311 18:34:10.108317 140176203846656 nfsp.py:142] Losses: [(0.36420065, nan), (0.34692407, nan)]
I0311 18:34:10.108429 140176203846656 nfsp.py:145] [200000] Exploitability AVG: N/A
I0311 18:34:10.108469 140176203846656 nfsp.py:146] _____________________________________________
I0311 18:34:20.510238 140176203846656 nfsp.py:142] Losses: [(0.28574076, nan), (0.17108238, nan)]
I0311 18:34:20.510623 140176203846656 nfsp.py:145] [210000] Exploitability AVG: N/A
I0311 18:34:20.510674 140176203846656 nfsp.py:146] _____________________________________________
I0311 18:34:30.591162 140176203846656 nfsp.py:142] Losses: [(0.28915477, nan), (0.3254978, nan)]
I0311 18:34:30.591270 140176203846656 nfsp.py:145] [220000] Exploitability AVG: N/A
I0311 18:34:30.591317 140176203846656 nfsp.py:146] _____________________________________________
I0311 18:34:41.094252 140176203846656 nfsp.py:142] Losses: [(0.33023185, nan), (0.26831514, nan)]
I0311 18:34:41.094367 140176203846656 nfsp.py:145] [230000] Exploitability AVG: N/A
I0311 18:34:41.094405 140176203846656 nfsp.py:146] _____________________________________________
I0311 18:34:51.586220 140176203846656 nfsp.py:142] Losses: [(0.29905894, nan), (0.2603728, nan)]
I0311 18:34:51.586335 140176203846656 nfsp.py:145] [240000] Exploitability AVG: N/A
I0311 18:34:51.586376 140176203846656 nfsp.py:146] _____________________________________________
I0311 18:35:01.717188 140176203846656 nfsp.py:142] Losses: [(0.2188362, nan), (0.17654377, nan)]
I0311 18:35:01.717494 140176203846656 nfsp.py:145] [250000] Exploitability AVG: N/A
I0311 18:35:01.717541 140176203846656 nfsp.py:146] _____________________________________________
I0311 18:35:12.013421 140176203846656 nfsp.py:142] Losses: [(0.19325481, nan), (0.24321595, nan)]
I0311 18:35:12.013606 140176203846656 nfsp.py:145] [260000] Exploitability AVG: N/A
I0311 18:35:12.013647 140176203846656 nfsp.py:146] _____________________________________________
I0311 18:35:22.457024 140176203846656 nfsp.py:142] Losses: [(0.22004902, nan), (0.29932743, nan)]
I0311 18:35:22.457132 140176203846656 nfsp.py:145] [270000] Exploitability AVG: N/A
I0311 18:35:22.457171 140176203846656 nfsp.py:146] _____________________________________________
I0311 18:35:33.040849 140176203846656 nfsp.py:142] Losses: [(0.20355688, nan), (0.41130564, nan)]
I0311 18:35:33.040956 140176203846656 nfsp.py:145] [280000] Exploitability AVG: N/A
I0311 18:35:33.040997 140176203846656 nfsp.py:146] _____________________________________________
I0311 18:35:43.881793 140176203846656 nfsp.py:142] Losses: [(0.22239836, nan), (0.24911296, nan)]
I0311 18:35:43.881900 140176203846656 nfsp.py:145] [290000] Exploitability AVG: N/A
I0311 18:35:43.881938 140176203846656 nfsp.py:146] _____________________________________________
I0311 18:35:54.329401 140176203846656 nfsp.py:142] Losses: [(0.19561476, nan), (0.21745059, nan)]
I0311 18:35:54.329510 140176203846656 nfsp.py:145] [300000] Exploitability AVG: N/A
I0311 18:35:54.329548 140176203846656 nfsp.py:146] _____________________________________________
I0311 18:36:04.636605 140176203846656 nfsp.py:142] Losses: [(0.23507462, nan), (0.20848277, nan)]
I0311 18:36:04.636972 140176203846656 nfsp.py:145] [310000] Exploitability AVG: N/A
I0311 18:36:04.637019 140176203846656 nfsp.py:146] _____________________________________________
I0311 18:36:14.957216 140176203846656 nfsp.py:142] Losses: [(0.14573745, nan), (0.28611904, nan)]
I0311 18:36:14.957331 140176203846656 nfsp.py:145] [320000] Exploitability AVG: N/A
I0311 18:36:14.957371 140176203846656 nfsp.py:146] _____________________________________________
I0311 18:36:25.371606 140176203846656 nfsp.py:142] Losses: [(0.19364102, nan), (0.21561435, nan)]
I0311 18:36:25.371717 140176203846656 nfsp.py:145] [330000] Exploitability AVG: N/A
I0311 18:36:25.371757 140176203846656 nfsp.py:146] _____________________________________________
I0311 18:36:37.242100 140176203846656 nfsp.py:142] Losses: [(0.12178728, nan), (0.2188527, nan)]
I0311 18:36:37.242208 140176203846656 nfsp.py:145] [340000] Exploitability AVG: N/A
I0311 18:36:37.242246 140176203846656 nfsp.py:146] _____________________________________________
I0311 18:36:47.718962 140176203846656 nfsp.py:142] Losses: [(0.16851604, nan), (0.23782231, nan)]
I0311 18:36:47.719071 140176203846656 nfsp.py:145] [350000] Exploitability AVG: N/A
I0311 18:36:47.719110 140176203846656 nfsp.py:146] _____________________________________________
I0311 18:36:58.009012 140176203846656 nfsp.py:142] Losses: [(0.41928375, nan), (0.2696079, nan)]
I0311 18:36:58.009122 140176203846656 nfsp.py:145] [360000] Exploitability AVG: N/A
I0311 18:36:58.009162 140176203846656 nfsp.py:146] _____________________________________________
I0311 18:37:08.318639 140176203846656 nfsp.py:142] Losses: [(0.19275557, nan), (0.24803272, nan)]
I0311 18:37:08.319007 140176203846656 nfsp.py:145] [370000] Exploitability AVG: N/A
I0311 18:37:08.319055 140176203846656 nfsp.py:146] _____________________________________________
I0311 18:37:18.563139 140176203846656 nfsp.py:142] Losses: [(0.17245972, nan), (0.21956752, nan)]
I0311 18:37:18.563250 140176203846656 nfsp.py:145] [380000] Exploitability AVG: N/A
I0311 18:37:18.563289 140176203846656 nfsp.py:146] _____________________________________________
I0311 18:37:29.133813 140176203846656 nfsp.py:142] Losses: [(0.163656, nan), (0.16682312, nan)]
I0311 18:37:29.133923 140176203846656 nfsp.py:145] [390000] Exploitability AVG: N/A
I0311 18:37:29.133962 140176203846656 nfsp.py:146] _____________________________________________
I0311 18:37:39.471470 140176203846656 nfsp.py:142] Losses: [(0.21414158, nan), (0.19925301, nan)]
I0311 18:37:39.471577 140176203846656 nfsp.py:145] [400000] Exploitability AVG: N/A
I0311 18:37:39.471616 140176203846656 nfsp.py:146] _____________________________________________
I0311 18:37:49.904913 140176203846656 nfsp.py:142] Losses: [(0.24266793, nan), (0.10072437, nan)]
I0311 18:37:49.905026 140176203846656 nfsp.py:145] [410000] Exploitability AVG: N/A
I0311 18:37:49.905067 140176203846656 nfsp.py:146] _____________________________________________
I0311 18:38:00.586995 140176203846656 nfsp.py:142] Losses: [(0.19571704, nan), (0.21829516, nan)]
I0311 18:38:00.587105 140176203846656 nfsp.py:145] [420000] Exploitability AVG: N/A
I0311 18:38:00.587145 140176203846656 nfsp.py:146] _____________________________________________
I0311 18:38:11.044648 140176203846656 nfsp.py:142] Losses: [(0.2572521, nan), (0.2720793, nan)]
I0311 18:38:11.044757 140176203846656 nfsp.py:145] [430000] Exploitability AVG: N/A
I0311 18:38:11.044797 140176203846656 nfsp.py:146] _____________________________________________
I0311 18:38:21.530399 140176203846656 nfsp.py:142] Losses: [(0.21965645, nan), (0.23195654, nan)]
I0311 18:38:21.530701 140176203846656 nfsp.py:145] [440000] Exploitability AVG: N/A
I0311 18:38:21.530748 140176203846656 nfsp.py:146] _____________________________________________
I0311 18:38:32.125631 140176203846656 nfsp.py:142] Losses: [(0.26245868, nan), (0.1812644, nan)]
I0311 18:38:32.125810 140176203846656 nfsp.py:145] [450000] Exploitability AVG: N/A
I0311 18:38:32.125851 140176203846656 nfsp.py:146] _____________________________________________
I0311 18:38:42.431696 140176203846656 nfsp.py:142] Losses: [(0.2693172, nan), (0.25274843, nan)]
I0311 18:38:42.431807 140176203846656 nfsp.py:145] [460000] Exploitability AVG: N/A
I0311 18:38:42.431846 140176203846656 nfsp.py:146] _____________________________________________
I0311 18:38:52.982357 140176203846656 nfsp.py:142] Losses: [(0.22599125, nan), (0.19416086, nan)]
I0311 18:38:52.982467 140176203846656 nfsp.py:145] [470000] Exploitability AVG: N/A
I0311 18:38:52.982505 140176203846656 nfsp.py:146] _____________________________________________
I0311 18:39:03.506033 140176203846656 nfsp.py:142] Losses: [(0.26699126, nan), (0.26277113, nan)]
I0311 18:39:03.506139 140176203846656 nfsp.py:145] [480000] Exploitability AVG: N/A
I0311 18:39:03.506177 140176203846656 nfsp.py:146] _____________________________________________
I0311 18:39:14.531762 140176203846656 nfsp.py:142] Losses: [(0.33789045, nan), (0.21287432, nan)]
I0311 18:39:14.531873 140176203846656 nfsp.py:145] [490000] Exploitability AVG: N/A
I0311 18:39:14.531913 140176203846656 nfsp.py:146] _____________________________________________
I0311 18:39:26.905684 140176203846656 nfsp.py:142] Losses: [(0.19730507, nan), (0.33020222, nan)]
I0311 18:39:26.905841 140176203846656 nfsp.py:145] [500000] Exploitability AVG: N/A
I0311 18:39:26.905881 140176203846656 nfsp.py:146] _____________________________________________
I0311 18:39:37.370688 140176203846656 nfsp.py:142] Losses: [(0.21729672, nan), (0.24947554, nan)]
I0311 18:39:37.370867 140176203846656 nfsp.py:145] [510000] Exploitability AVG: N/A
I0311 18:39:37.370908 140176203846656 nfsp.py:146] _____________________________________________
I0311 18:39:47.877294 140176203846656 nfsp.py:142] Losses: [(0.21694933, nan), (0.14781447, nan)]
I0311 18:39:47.877411 140176203846656 nfsp.py:145] [520000] Exploitability AVG: N/A
I0311 18:39:47.877449 140176203846656 nfsp.py:146] _____________________________________________
I0311 18:39:58.452910 140176203846656 nfsp.py:142] Losses: [(0.23268962, nan), (0.2544507, nan)]
I0311 18:39:58.453019 140176203846656 nfsp.py:145] [530000] Exploitability AVG: N/A
I0311 18:39:58.453058 140176203846656 nfsp.py:146] _____________________________________________
I0311 18:40:09.118991 140176203846656 nfsp.py:142] Losses: [(0.28936183, nan), (0.33378017, nan)]
I0311 18:40:09.119102 140176203846656 nfsp.py:145] [540000] Exploitability AVG: N/A
I0311 18:40:09.119142 140176203846656 nfsp.py:146] _____________________________________________
I0311 18:40:19.819329 140176203846656 nfsp.py:142] Losses: [(0.2359896, nan), (0.21358728, nan)]
I0311 18:40:19.819442 140176203846656 nfsp.py:145] [550000] Exploitability AVG: N/A
I0311 18:40:19.819480 140176203846656 nfsp.py:146] _____________________________________________
I0311 18:40:30.295453 140176203846656 nfsp.py:142] Losses: [(0.23582767, nan), (0.26934114, nan)]
I0311 18:40:30.295829 140176203846656 nfsp.py:145] [560000] Exploitability AVG: N/A
I0311 18:40:30.295877 140176203846656 nfsp.py:146] _____________________________________________
I0311 18:40:40.936390 140176203846656 nfsp.py:142] Losses: [(0.12045189, nan), (0.24506685, nan)]
I0311 18:40:40.936500 140176203846656 nfsp.py:145] [570000] Exploitability AVG: N/A
I0311 18:40:40.936538 140176203846656 nfsp.py:146] _____________________________________________
I0311 18:40:51.552187 140176203846656 nfsp.py:142] Losses: [(0.22856458, nan), (0.23929504, nan)]
I0311 18:40:51.552297 140176203846656 nfsp.py:145] [580000] Exploitability AVG: N/A
I0311 18:40:51.552345 140176203846656 nfsp.py:146] _____________________________________________
I0311 18:41:02.210035 140176203846656 nfsp.py:142] Losses: [(0.282637, nan), (0.2570505, nan)]
I0311 18:41:02.210144 140176203846656 nfsp.py:145] [590000] Exploitability AVG: N/A
I0311 18:41:02.210182 140176203846656 nfsp.py:146] _____________________________________________
I0311 18:41:12.820763 140176203846656 nfsp.py:142] Losses: [(0.21720448, nan), (0.24604864, nan)]
I0311 18:41:12.820868 140176203846656 nfsp.py:145] [600000] Exploitability AVG: N/A
I0311 18:41:12.820906 140176203846656 nfsp.py:146] _____________________________________________
I0311 18:41:23.354312 140176203846656 nfsp.py:142] Losses: [(0.33869964, nan), (0.31660682, nan)]
I0311 18:41:23.354610 140176203846656 nfsp.py:145] [610000] Exploitability AVG: N/A
I0311 18:41:23.354656 140176203846656 nfsp.py:146] _____________________________________________
I0311 18:41:33.752624 140176203846656 nfsp.py:142] Losses: [(0.30978644, nan), (0.2786017, nan)]
I0311 18:41:33.752807 140176203846656 nfsp.py:145] [620000] Exploitability AVG: N/A
I0311 18:41:33.752847 140176203846656 nfsp.py:146] _____________________________________________
I0311 18:41:44.335996 140176203846656 nfsp.py:142] Losses: [(0.31442636, nan), (0.26018596, nan)]
I0311 18:41:44.336107 140176203846656 nfsp.py:145] [630000] Exploitability AVG: N/A
I0311 18:41:44.336145 140176203846656 nfsp.py:146] _____________________________________________
I0311 18:41:55.123355 140176203846656 nfsp.py:142] Losses: [(0.23830286, nan), (0.2676641, nan)]
I0311 18:41:55.123465 140176203846656 nfsp.py:145] [640000] Exploitability AVG: N/A
I0311 18:41:55.123505 140176203846656 nfsp.py:146] _____________________________________________
I0311 18:42:05.714141 140176203846656 nfsp.py:142] Losses: [(0.19109607, nan), (0.1823312, nan)]
I0311 18:42:05.714250 140176203846656 nfsp.py:145] [650000] Exploitability AVG: N/A
I0311 18:42:05.714290 140176203846656 nfsp.py:146] _____________________________________________
I0311 18:42:16.528534 140176203846656 nfsp.py:142] Losses: [(0.19202086, nan), (0.27444434, nan)]
I0311 18:42:16.528644 140176203846656 nfsp.py:145] [660000] Exploitability AVG: N/A
I0311 18:42:16.528685 140176203846656 nfsp.py:146] _____________________________________________
I0311 18:42:29.507839 140176203846656 nfsp.py:142] Losses: [(0.23892403, nan), (0.33144754, nan)]
I0311 18:42:29.507949 140176203846656 nfsp.py:145] [670000] Exploitability AVG: N/A
I0311 18:42:29.507987 140176203846656 nfsp.py:146] _____________________________________________
I0311 18:42:40.197371 140176203846656 nfsp.py:142] Losses: [(0.16846576, nan), (0.16833292, nan)]
I0311 18:42:40.197750 140176203846656 nfsp.py:145] [680000] Exploitability AVG: N/A
I0311 18:42:40.197798 140176203846656 nfsp.py:146] _____________________________________________
I0311 18:42:50.799802 140176203846656 nfsp.py:142] Losses: [(0.31224662, nan), (0.2730009, nan)]
I0311 18:42:50.799911 140176203846656 nfsp.py:145] [690000] Exploitability AVG: N/A
I0311 18:42:50.799950 140176203846656 nfsp.py:146] _____________________________________________
I0311 18:43:01.472004 140176203846656 nfsp.py:142] Losses: [(0.2684669, nan), (0.12243197, nan)]
I0311 18:43:01.472119 140176203846656 nfsp.py:145] [700000] Exploitability AVG: N/A
I0311 18:43:01.472159 140176203846656 nfsp.py:146] _____________________________________________
I0311 18:43:12.201112 140176203846656 nfsp.py:142] Losses: [(0.216994, nan), (0.29724985, nan)]
I0311 18:43:12.201222 140176203846656 nfsp.py:145] [710000] Exploitability AVG: N/A
I0311 18:43:12.201260 140176203846656 nfsp.py:146] _____________________________________________
I0311 18:43:22.716599 140176203846656 nfsp.py:142] Losses: [(0.14399758, nan), (0.14614585, nan)]
I0311 18:43:22.716708 140176203846656 nfsp.py:145] [720000] Exploitability AVG: N/A
I0311 18:43:22.716747 140176203846656 nfsp.py:146] _____________________________________________
I0311 18:43:33.425919 140176203846656 nfsp.py:142] Losses: [(0.14406388, nan), (0.21766458, nan)]
I0311 18:43:33.426232 140176203846656 nfsp.py:145] [730000] Exploitability AVG: N/A
I0311 18:43:33.426280 140176203846656 nfsp.py:146] _____________________________________________
I0311 18:43:43.998090 140176203846656 nfsp.py:142] Losses: [(0.1898256, nan), (0.27990237, nan)]
I0311 18:43:43.998270 140176203846656 nfsp.py:145] [740000] Exploitability AVG: N/A
I0311 18:43:43.998316 140176203846656 nfsp.py:146] _____________________________________________
I0311 18:43:55.285774 140176203846656 nfsp.py:142] Losses: [(0.28710648, nan), (0.20936558, nan)]
I0311 18:43:55.285892 140176203846656 nfsp.py:145] [750000] Exploitability AVG: N/A
I0311 18:43:55.285934 140176203846656 nfsp.py:146] _____________________________________________
I0311 18:44:06.875536 140176203846656 nfsp.py:142] Losses: [(0.119418696, nan), (0.24696916, nan)]
I0311 18:44:06.875651 140176203846656 nfsp.py:145] [760000] Exploitability AVG: N/A
I0311 18:44:06.875693 140176203846656 nfsp.py:146] _____________________________________________
I0311 18:44:17.855666 140176203846656 nfsp.py:142] Losses: [(0.3361686, nan), (0.21732044, nan)]
I0311 18:44:17.855781 140176203846656 nfsp.py:145] [770000] Exploitability AVG: N/A
I0311 18:44:17.855822 140176203846656 nfsp.py:146] _____________________________________________
I0311 18:44:28.946562 140176203846656 nfsp.py:142] Losses: [(0.26482624, nan), (0.31900257, nan)]
I0311 18:44:28.946673 140176203846656 nfsp.py:145] [780000] Exploitability AVG: N/A
I0311 18:44:28.946715 140176203846656 nfsp.py:146] _____________________________________________
I0311 18:44:39.697657 140176203846656 nfsp.py:142] Losses: [(0.28967303, nan), (0.2696133, nan)]
I0311 18:44:39.698025 140176203846656 nfsp.py:145] [790000] Exploitability AVG: N/A
I0311 18:44:39.698073 140176203846656 nfsp.py:146] _____________________________________________
I0311 18:44:50.288622 140176203846656 nfsp.py:142] Losses: [(0.2099665, nan), (0.27165776, nan)]
I0311 18:44:50.288733 140176203846656 nfsp.py:145] [800000] Exploitability AVG: N/A
I0311 18:44:50.288772 140176203846656 nfsp.py:146] _____________________________________________
I0311 18:45:01.056231 140176203846656 nfsp.py:142] Losses: [(0.21589373, nan), (0.36211795, nan)]
I0311 18:45:01.056346 140176203846656 nfsp.py:145] [810000] Exploitability AVG: N/A
I0311 18:45:01.056385 140176203846656 nfsp.py:146] _____________________________________________
I0311 18:45:11.993541 140176203846656 nfsp.py:142] Losses: [(0.16707246, nan), (0.22199434, nan)]
I0311 18:45:11.993648 140176203846656 nfsp.py:145] [820000] Exploitability AVG: N/A
I0311 18:45:11.993687 140176203846656 nfsp.py:146] _____________________________________________
I0311 18:45:22.730149 140176203846656 nfsp.py:142] Losses: [(0.2135444, nan), (0.26059127, nan)]
I0311 18:45:22.730257 140176203846656 nfsp.py:145] [830000] Exploitability AVG: N/A
I0311 18:45:22.730296 140176203846656 nfsp.py:146] _____________________________________________
I0311 18:45:35.745502 140176203846656 nfsp.py:142] Losses: [(0.31571704, nan), (0.2527108, nan)]
I0311 18:45:35.745700 140176203846656 nfsp.py:145] [840000] Exploitability AVG: N/A
I0311 18:45:35.745741 140176203846656 nfsp.py:146] _____________________________________________
I0311 18:45:46.237541 140176203846656 nfsp.py:142] Losses: [(0.22534427, nan), (0.1924659, nan)]
I0311 18:45:46.237650 140176203846656 nfsp.py:145] [850000] Exploitability AVG: N/A
I0311 18:45:46.237691 140176203846656 nfsp.py:146] _____________________________________________
I0311 18:45:56.823332 140176203846656 nfsp.py:142] Losses: [(0.21593457, nan), (0.27468556, nan)]
I0311 18:45:56.823438 140176203846656 nfsp.py:145] [860000] Exploitability AVG: N/A
I0311 18:45:56.823477 140176203846656 nfsp.py:146] _____________________________________________
I0311 18:46:07.699141 140176203846656 nfsp.py:142] Losses: [(0.23728126, nan), (0.41668382, nan)]
I0311 18:46:07.699251 140176203846656 nfsp.py:145] [870000] Exploitability AVG: N/A
I0311 18:46:07.699291 140176203846656 nfsp.py:146] _____________________________________________
I0311 18:46:18.624324 140176203846656 nfsp.py:142] Losses: [(0.14787713, nan), (0.27251434, nan)]
I0311 18:46:18.624431 140176203846656 nfsp.py:145] [880000] Exploitability AVG: N/A
I0311 18:46:18.624470 140176203846656 nfsp.py:146] _____________________________________________
I0311 18:46:29.361015 140176203846656 nfsp.py:142] Losses: [(0.18925926, nan), (0.29051912, nan)]
I0311 18:46:29.361123 140176203846656 nfsp.py:145] [890000] Exploitability AVG: N/A
I0311 18:46:29.361162 140176203846656 nfsp.py:146] _____________________________________________
I0311 18:46:40.254247 140176203846656 nfsp.py:142] Losses: [(0.14289849, nan), (0.1725989, nan)]
I0311 18:46:40.254365 140176203846656 nfsp.py:145] [900000] Exploitability AVG: N/A
I0311 18:46:40.254404 140176203846656 nfsp.py:146] _____________________________________________
I0311 18:46:50.774908 140176203846656 nfsp.py:142] Losses: [(0.16625527, nan), (0.23521674, nan)]
I0311 18:46:50.775202 140176203846656 nfsp.py:145] [910000] Exploitability AVG: N/A
I0311 18:46:50.775249 140176203846656 nfsp.py:146] _____________________________________________
I0311 18:47:01.402719 140176203846656 nfsp.py:142] Losses: [(0.2988233, nan), (0.2528741, nan)]
I0311 18:47:01.402901 140176203846656 nfsp.py:145] [920000] Exploitability AVG: N/A
I0311 18:47:01.402941 140176203846656 nfsp.py:146] _____________________________________________
I0311 18:47:12.216882 140176203846656 nfsp.py:142] Losses: [(0.19451627, nan), (0.1927069, nan)]
I0311 18:47:12.216993 140176203846656 nfsp.py:145] [930000] Exploitability AVG: N/A
I0311 18:47:12.217032 140176203846656 nfsp.py:146] _____________________________________________
I0311 18:47:23.281788 140176203846656 nfsp.py:142] Losses: [(0.16585389, nan), (0.22143616, nan)]
I0311 18:47:23.281898 140176203846656 nfsp.py:145] [940000] Exploitability AVG: N/A
I0311 18:47:23.281936 140176203846656 nfsp.py:146] _____________________________________________
I0311 18:47:34.378517 140176203846656 nfsp.py:142] Losses: [(0.21788374, nan), (0.30223438, nan)]
I0311 18:47:34.378627 140176203846656 nfsp.py:145] [950000] Exploitability AVG: N/A
I0311 18:47:34.378665 140176203846656 nfsp.py:146] _____________________________________________
I0311 18:47:45.373663 140176203846656 nfsp.py:142] Losses: [(0.14099953, nan), (0.2984484, nan)]
I0311 18:47:45.373770 140176203846656 nfsp.py:145] [960000] Exploitability AVG: N/A
I0311 18:47:45.373809 140176203846656 nfsp.py:146] _____________________________________________
I0311 18:47:56.138606 140176203846656 nfsp.py:142] Losses: [(0.24484015, nan), (0.15902549, nan)]
I0311 18:47:56.138717 140176203846656 nfsp.py:145] [970000] Exploitability AVG: N/A
I0311 18:47:56.138756 140176203846656 nfsp.py:146] _____________________________________________
I0311 18:48:06.831879 140176203846656 nfsp.py:142] Losses: [(0.19118273, nan), (0.2075309, nan)]
I0311 18:48:06.832257 140176203846656 nfsp.py:145] [980000] Exploitability AVG: N/A
I0311 18:48:06.832311 140176203846656 nfsp.py:146] _____________________________________________
I0311 18:48:17.530617 140176203846656 nfsp.py:142] Losses: [(0.14481813, nan), (0.23177312, nan)]
I0311 18:48:17.530725 140176203846656 nfsp.py:145] [990000] Exploitability AVG: N/A
I0311 18:48:17.530764 140176203846656 nfsp.py:146] _____________________________________________
I0311 18:48:28.490284 140176203846656 nfsp.py:142] Losses: [(0.19228107, nan), (0.20970215, nan)]
I0311 18:48:28.490400 140176203846656 nfsp.py:145] [1000000] Exploitability AVG: N/A
I0311 18:48:28.490438 140176203846656 nfsp.py:146] _____________________________________________
I0311 18:48:42.211732 140176203846656 nfsp.py:142] Losses: [(0.24053013, nan), (0.16905798, nan)]
I0311 18:48:42.211843 140176203846656 nfsp.py:145] [1010000] Exploitability AVG: N/A
I0311 18:48:42.211882 140176203846656 nfsp.py:146] _____________________________________________
I0311 18:48:53.117519 140176203846656 nfsp.py:142] Losses: [(0.28778863, nan), (0.3460687, nan)]
I0311 18:48:53.117629 140176203846656 nfsp.py:145] [1020000] Exploitability AVG: N/A
I0311 18:48:53.117668 140176203846656 nfsp.py:146] _____________________________________________
I0311 18:49:03.894618 140176203846656 nfsp.py:142] Losses: [(0.1408863, nan), (0.15154444, nan)]
I0311 18:49:03.894759 140176203846656 nfsp.py:145] [1030000] Exploitability AVG: N/A
I0311 18:49:03.894798 140176203846656 nfsp.py:146] _____________________________________________
I0311 18:49:14.605956 140176203846656 nfsp.py:142] Losses: [(0.21766984, nan), (0.13508967, nan)]
I0311 18:49:14.606198 140176203846656 nfsp.py:145] [1040000] Exploitability AVG: N/A
I0311 18:49:14.606235 140176203846656 nfsp.py:146] _____________________________________________
I0311 18:49:25.704601 140176203846656 nfsp.py:142] Losses: [(0.21054226, nan), (0.30068094, nan)]
I0311 18:49:25.704786 140176203846656 nfsp.py:145] [1050000] Exploitability AVG: N/A
I0311 18:49:25.704825 140176203846656 nfsp.py:146] _____________________________________________
I0311 18:49:36.679651 140176203846656 nfsp.py:142] Losses: [(0.21305454, nan), (0.17380552, nan)]
I0311 18:49:36.679759 140176203846656 nfsp.py:145] [1060000] Exploitability AVG: N/A
I0311 18:49:36.679798 140176203846656 nfsp.py:146] _____________________________________________
I0311 18:49:47.845244 140176203846656 nfsp.py:142] Losses: [(0.2942589, nan), (0.29029232, nan)]
I0311 18:49:47.845374 140176203846656 nfsp.py:145] [1070000] Exploitability AVG: N/A
I0311 18:49:47.845420 140176203846656 nfsp.py:146] _____________________________________________
I0311 18:49:58.822624 140176203846656 nfsp.py:142] Losses: [(0.24022672, nan), (0.2615195, nan)]
I0311 18:49:58.822730 140176203846656 nfsp.py:145] [1080000] Exploitability AVG: N/A
I0311 18:49:58.822768 140176203846656 nfsp.py:146] _____________________________________________
I0311 18:50:09.742531 140176203846656 nfsp.py:142] Losses: [(0.14296496, nan), (0.20267016, nan)]
I0311 18:50:09.742657 140176203846656 nfsp.py:145] [1090000] Exploitability AVG: N/A
I0311 18:50:09.742704 140176203846656 nfsp.py:146] _____________________________________________
I0311 18:50:20.530987 140176203846656 nfsp.py:142] Losses: [(0.11821936, nan), (0.27076474, nan)]
I0311 18:50:20.531356 140176203846656 nfsp.py:145] [1100000] Exploitability AVG: N/A
I0311 18:50:20.531401 140176203846656 nfsp.py:146] _____________________________________________
I0311 18:50:31.194274 140176203846656 nfsp.py:142] Losses: [(0.14062238, nan), (0.26672506, nan)]
I0311 18:50:31.194396 140176203846656 nfsp.py:145] [1110000] Exploitability AVG: N/A
I0311 18:50:31.194437 140176203846656 nfsp.py:146] _____________________________________________
I0311 18:50:42.325574 140176203846656 nfsp.py:142] Losses: [(0.19281569, nan), (0.2239245, nan)]
I0311 18:50:42.325682 140176203846656 nfsp.py:145] [1120000] Exploitability AVG: N/A
I0311 18:50:42.325722 140176203846656 nfsp.py:146] _____________________________________________
I0311 18:50:53.186713 140176203846656 nfsp.py:142] Losses: [(0.23494297, nan), (0.13766202, nan)]
I0311 18:50:53.186823 140176203846656 nfsp.py:145] [1130000] Exploitability AVG: N/A
I0311 18:50:53.186862 140176203846656 nfsp.py:146] _____________________________________________
I0311 18:51:04.156578 140176203846656 nfsp.py:142] Losses: [(0.19101712, nan), (0.24292628, nan)]
I0311 18:51:04.156687 140176203846656 nfsp.py:145] [1140000] Exploitability AVG: N/A
I0311 18:51:04.156726 140176203846656 nfsp.py:146] _____________________________________________
I0311 18:51:14.990520 140176203846656 nfsp.py:142] Losses: [(0.26528025, nan), (0.2786713, nan)]
I0311 18:51:14.990817 140176203846656 nfsp.py:145] [1150000] Exploitability AVG: N/A
I0311 18:51:14.990863 140176203846656 nfsp.py:146] _____________________________________________
I0311 18:51:25.741889 140176203846656 nfsp.py:142] Losses: [(0.092830785, nan), (0.2020594, nan)]
I0311 18:51:25.742066 140176203846656 nfsp.py:145] [1160000] Exploitability AVG: N/A
I0311 18:51:25.742106 140176203846656 nfsp.py:146] _____________________________________________
I0311 18:51:36.945805 140176203846656 nfsp.py:142] Losses: [(0.14280602, nan), (0.33102584, nan)]
I0311 18:51:36.945913 140176203846656 nfsp.py:145] [1170000] Exploitability AVG: N/A
I0311 18:51:36.945952 140176203846656 nfsp.py:146] _____________________________________________
I0311 18:51:47.885082 140176203846656 nfsp.py:142] Losses: [(0.18979937, nan), (0.12480682, nan)]
I0311 18:51:47.885191 140176203846656 nfsp.py:145] [1180000] Exploitability AVG: N/A
I0311 18:51:47.885229 140176203846656 nfsp.py:146] _____________________________________________
I0311 18:52:01.617561 140176203846656 nfsp.py:142] Losses: [(0.2688851, nan), (0.28369713, nan)]
I0311 18:52:01.617673 140176203846656 nfsp.py:145] [1190000] Exploitability AVG: N/A
I0311 18:52:01.617713 140176203846656 nfsp.py:146] _____________________________________________
I0311 18:52:12.441977 140176203846656 nfsp.py:142] Losses: [(0.2893435, nan), (0.27256542, nan)]
I0311 18:52:12.442083 140176203846656 nfsp.py:145] [1200000] Exploitability AVG: N/A
I0311 18:52:12.442121 140176203846656 nfsp.py:146] _____________________________________________
I0311 18:52:23.253255 140176203846656 nfsp.py:142] Losses: [(0.23268324, nan), (0.2254879, nan)]
I0311 18:52:23.253643 140176203846656 nfsp.py:145] [1210000] Exploitability AVG: N/A
I0311 18:52:23.253691 140176203846656 nfsp.py:146] _____________________________________________
I0311 18:52:34.239460 140176203846656 nfsp.py:142] Losses: [(0.20929387, nan), (0.24661013, nan)]
I0311 18:52:34.239569 140176203846656 nfsp.py:145] [1220000] Exploitability AVG: N/A
I0311 18:52:34.239608 140176203846656 nfsp.py:146] _____________________________________________
I0311 18:52:45.328051 140176203846656 nfsp.py:142] Losses: [(0.24086294, nan), (0.28955775, nan)]
I0311 18:52:45.328160 140176203846656 nfsp.py:145] [1230000] Exploitability AVG: N/A
I0311 18:52:45.328198 140176203846656 nfsp.py:146] _____________________________________________
I0311 18:52:56.355249 140176203846656 nfsp.py:142] Losses: [(0.16739985, nan), (0.23742846, nan)]
I0311 18:52:56.355366 140176203846656 nfsp.py:145] [1240000] Exploitability AVG: N/A
I0311 18:52:56.355405 140176203846656 nfsp.py:146] _____________________________________________
I0311 18:53:07.485313 140176203846656 nfsp.py:142] Losses: [(0.26189584, nan), (0.16450617, nan)]
I0311 18:53:07.485421 140176203846656 nfsp.py:145] [1250000] Exploitability AVG: N/A
I0311 18:53:07.485459 140176203846656 nfsp.py:146] _____________________________________________
I0311 18:53:18.338828 140176203846656 nfsp.py:142] Losses: [(0.24053551, nan), (0.32083017, nan)]
I0311 18:53:18.339123 140176203846656 nfsp.py:145] [1260000] Exploitability AVG: N/A
I0311 18:53:18.339169 140176203846656 nfsp.py:146] _____________________________________________
I0311 18:53:29.163111 140176203846656 nfsp.py:142] Losses: [(0.1880787, nan), (0.1842959, nan)]
I0311 18:53:29.163291 140176203846656 nfsp.py:145] [1270000] Exploitability AVG: N/A
I0311 18:53:29.163340 140176203846656 nfsp.py:146] _____________________________________________
I0311 18:53:40.108669 140176203846656 nfsp.py:142] Losses: [(0.21773136, nan), (0.22453883, nan)]
I0311 18:53:40.108777 140176203846656 nfsp.py:145] [1280000] Exploitability AVG: N/A
I0311 18:53:40.108816 140176203846656 nfsp.py:146] _____________________________________________
I0311 18:53:51.157557 140176203846656 nfsp.py:142] Losses: [(0.1659611, nan), (0.24462613, nan)]
I0311 18:53:51.157665 140176203846656 nfsp.py:145] [1290000] Exploitability AVG: N/A
I0311 18:53:51.157703 140176203846656 nfsp.py:146] _____________________________________________
I0311 18:54:02.240452 140176203846656 nfsp.py:142] Losses: [(0.2187914, nan), (0.24710754, nan)]
I0311 18:54:02.240560 140176203846656 nfsp.py:145] [1300000] Exploitability AVG: N/A
I0311 18:54:02.240599 140176203846656 nfsp.py:146] _____________________________________________
I0311 18:54:13.535134 140176203846656 nfsp.py:142] Losses: [(0.21953607, nan), (0.21827179, nan)]
I0311 18:54:13.535437 140176203846656 nfsp.py:145] [1310000] Exploitability AVG: N/A
I0311 18:54:13.535484 140176203846656 nfsp.py:146] _____________________________________________
I0311 18:54:24.428324 140176203846656 nfsp.py:142] Losses: [(0.11965115, nan), (0.18134794, nan)]
I0311 18:54:24.428503 140176203846656 nfsp.py:145] [1320000] Exploitability AVG: N/A
I0311 18:54:24.428543 140176203846656 nfsp.py:146] _____________________________________________
I0311 18:54:35.407195 140176203846656 nfsp.py:142] Losses: [(0.21683595, nan), (0.25278392, nan)]
I0311 18:54:35.407311 140176203846656 nfsp.py:145] [1330000] Exploitability AVG: N/A
I0311 18:54:35.407351 140176203846656 nfsp.py:146] _____________________________________________
I0311 18:54:46.591964 140176203846656 nfsp.py:142] Losses: [(0.19093701, nan), (0.25292802, nan)]
I0311 18:54:46.592076 140176203846656 nfsp.py:145] [1340000] Exploitability AVG: N/A
I0311 18:54:46.592115 140176203846656 nfsp.py:146] _____________________________________________
I0311 18:54:57.773061 140176203846656 nfsp.py:142] Losses: [(0.26575452, nan), (0.3796905, nan)]
I0311 18:54:57.773169 140176203846656 nfsp.py:145] [1350000] Exploitability AVG: N/A
I0311 18:54:57.773206 140176203846656 nfsp.py:146] _____________________________________________
I0311 18:55:11.890998 140176203846656 nfsp.py:142] Losses: [(0.21001199, nan), (0.3656805, nan)]
I0311 18:55:11.891108 140176203846656 nfsp.py:145] [1360000] Exploitability AVG: N/A
I0311 18:55:11.891147 140176203846656 nfsp.py:146] _____________________________________________
I0311 18:55:22.471399 140176203846656 nfsp.py:142] Losses: [(0.24440156, nan), (0.23649417, nan)]
I0311 18:55:22.471765 140176203846656 nfsp.py:145] [1370000] Exploitability AVG: N/A
I0311 18:55:22.471811 140176203846656 nfsp.py:146] _____________________________________________
I0311 18:55:33.444517 140176203846656 nfsp.py:142] Losses: [(0.19021294, nan), (0.3523157, nan)]
I0311 18:55:33.444625 140176203846656 nfsp.py:145] [1380000] Exploitability AVG: N/A
I0311 18:55:33.444664 140176203846656 nfsp.py:146] _____________________________________________
I0311 18:55:44.343099 140176203846656 nfsp.py:142] Losses: [(0.2157419, nan), (0.22474262, nan)]
I0311 18:55:44.343208 140176203846656 nfsp.py:145] [1390000] Exploitability AVG: N/A
I0311 18:55:44.343247 140176203846656 nfsp.py:146] _____________________________________________
I0311 18:55:55.548733 140176203846656 nfsp.py:142] Losses: [(0.23085284, nan), (0.18614328, nan)]
I0311 18:55:55.548843 140176203846656 nfsp.py:145] [1400000] Exploitability AVG: N/A
I0311 18:55:55.548882 140176203846656 nfsp.py:146] _____________________________________________
I0311 18:56:06.524021 140176203846656 nfsp.py:142] Losses: [(0.35575622, nan), (0.25026748, nan)]
I0311 18:56:06.524128 140176203846656 nfsp.py:145] [1410000] Exploitability AVG: N/A
I0311 18:56:06.524166 140176203846656 nfsp.py:146] _____________________________________________
I0311 18:56:17.726823 140176203846656 nfsp.py:142] Losses: [(0.19095963, nan), (0.15747896, nan)]
I0311 18:56:17.726931 140176203846656 nfsp.py:145] [1420000] Exploitability AVG: N/A
I0311 18:56:17.726970 140176203846656 nfsp.py:146] _____________________________________________
I0311 18:56:28.544785 140176203846656 nfsp.py:142] Losses: [(0.23188679, nan), (0.23771079, nan)]
I0311 18:56:28.545151 140176203846656 nfsp.py:145] [1430000] Exploitability AVG: N/A
I0311 18:56:28.545197 140176203846656 nfsp.py:146] _____________________________________________
I0311 18:56:39.330772 140176203846656 nfsp.py:142] Losses: [(0.16723812, nan), (0.16236162, nan)]
I0311 18:56:39.330881 140176203846656 nfsp.py:145] [1440000] Exploitability AVG: N/A
I0311 18:56:39.330919 140176203846656 nfsp.py:146] _____________________________________________
I0311 18:56:50.265032 140176203846656 nfsp.py:142] Losses: [(0.29026604, nan), (0.20003176, nan)]
I0311 18:56:50.265140 140176203846656 nfsp.py:145] [1450000] Exploitability AVG: N/A
I0311 18:56:50.265178 140176203846656 nfsp.py:146] _____________________________________________
I0311 18:57:01.320581 140176203846656 nfsp.py:142] Losses: [(0.14453882, nan), (0.29392755, nan)]
I0311 18:57:01.320690 140176203846656 nfsp.py:145] [1460000] Exploitability AVG: N/A
I0311 18:57:01.320729 140176203846656 nfsp.py:146] _____________________________________________
I0311 18:57:12.449605 140176203846656 nfsp.py:142] Losses: [(0.21797244, nan), (0.19667204, nan)]
I0311 18:57:12.449712 140176203846656 nfsp.py:145] [1470000] Exploitability AVG: N/A
I0311 18:57:12.449750 140176203846656 nfsp.py:146] _____________________________________________
I0311 18:57:23.462370 140176203846656 nfsp.py:142] Losses: [(0.3126978, nan), (0.23885182, nan)]
I0311 18:57:23.462476 140176203846656 nfsp.py:145] [1480000] Exploitability AVG: N/A
I0311 18:57:23.462516 140176203846656 nfsp.py:146] _____________________________________________
I0311 18:57:34.284205 140176203846656 nfsp.py:142] Losses: [(0.16203363, nan), (0.2859581, nan)]
I0311 18:57:34.284505 140176203846656 nfsp.py:145] [1490000] Exploitability AVG: N/A
I0311 18:57:34.284551 140176203846656 nfsp.py:146] _____________________________________________
I0311 18:57:45.131330 140176203846656 nfsp.py:142] Losses: [(0.21772704, nan), (0.28454652, nan)]
I0311 18:57:45.131510 140176203846656 nfsp.py:145] [1500000] Exploitability AVG: N/A
I0311 18:57:45.131550 140176203846656 nfsp.py:146] _____________________________________________
I0311 18:57:55.965500 140176203846656 nfsp.py:142] Losses: [(0.36527446, nan), (0.26110786, nan)]
I0311 18:57:55.965606 140176203846656 nfsp.py:145] [1510000] Exploitability AVG: N/A
I0311 18:57:55.965645 140176203846656 nfsp.py:146] _____________________________________________
I0311 18:58:07.113235 140176203846656 nfsp.py:142] Losses: [(0.28921476, nan), (0.19511451, nan)]
I0311 18:58:07.113352 140176203846656 nfsp.py:145] [1520000] Exploitability AVG: N/A
I0311 18:58:07.113392 140176203846656 nfsp.py:146] _____________________________________________
I0311 18:58:21.688854 140176203846656 nfsp.py:142] Losses: [(0.23881893, nan), (0.25253543, nan)]
I0311 18:58:21.688960 140176203846656 nfsp.py:145] [1530000] Exploitability AVG: N/A
I0311 18:58:21.688999 140176203846656 nfsp.py:146] _____________________________________________
I0311 18:58:32.570498 140176203846656 nfsp.py:142] Losses: [(0.31639618, nan), (0.21663469, nan)]
I0311 18:58:32.570606 140176203846656 nfsp.py:145] [1540000] Exploitability AVG: N/A
I0311 18:58:32.570645 140176203846656 nfsp.py:146] _____________________________________________
I0311 18:58:43.444688 140176203846656 nfsp.py:142] Losses: [(0.20904602, nan), (0.22570746, nan)]
I0311 18:58:43.444801 140176203846656 nfsp.py:145] [1550000] Exploitability AVG: N/A
I0311 18:58:43.444840 140176203846656 nfsp.py:146] _____________________________________________
I0311 18:58:54.138497 140176203846656 nfsp.py:142] Losses: [(0.14386478, nan), (0.34152684, nan)]
I0311 18:58:54.138798 140176203846656 nfsp.py:145] [1560000] Exploitability AVG: N/A
I0311 18:58:54.138845 140176203846656 nfsp.py:146] _____________________________________________
I0311 18:59:05.043976 140176203846656 nfsp.py:142] Losses: [(0.21643881, nan), (0.26832354, nan)]
I0311 18:59:05.044157 140176203846656 nfsp.py:145] [1570000] Exploitability AVG: N/A
I0311 18:59:05.044198 140176203846656 nfsp.py:146] _____________________________________________
I0311 18:59:15.924829 140176203846656 nfsp.py:142] Losses: [(0.2011856, nan), (0.2683244, nan)]
I0311 18:59:15.924942 140176203846656 nfsp.py:145] [1580000] Exploitability AVG: N/A
I0311 18:59:15.924982 140176203846656 nfsp.py:146] _____________________________________________
I0311 18:59:27.301903 140176203846656 nfsp.py:142] Losses: [(0.19424754, nan), (0.17338538, nan)]
I0311 18:59:27.302019 140176203846656 nfsp.py:145] [1590000] Exploitability AVG: N/A
I0311 18:59:27.302061 140176203846656 nfsp.py:146] _____________________________________________
I0311 18:59:38.700916 140176203846656 nfsp.py:142] Losses: [(0.14600572, nan), (0.18714239, nan)]
I0311 18:59:38.701028 140176203846656 nfsp.py:145] [1600000] Exploitability AVG: N/A
I0311 18:59:38.701067 140176203846656 nfsp.py:146] _____________________________________________
I0311 18:59:49.947009 140176203846656 nfsp.py:142] Losses: [(0.14191288, nan), (0.24679422, nan)]
I0311 18:59:49.947118 140176203846656 nfsp.py:145] [1610000] Exploitability AVG: N/A
I0311 18:59:49.947158 140176203846656 nfsp.py:146] _____________________________________________
I0311 19:00:01.016593 140176203846656 nfsp.py:142] Losses: [(0.1431162, nan), (0.2456752, nan)]
I0311 19:00:01.016893 140176203846656 nfsp.py:145] [1620000] Exploitability AVG: N/A
I0311 19:00:01.016941 140176203846656 nfsp.py:146] _____________________________________________
I0311 19:00:12.014809 140176203846656 nfsp.py:142] Losses: [(0.1908898, nan), (0.15377818, nan)]
I0311 19:00:12.014990 140176203846656 nfsp.py:145] [1630000] Exploitability AVG: N/A
I0311 19:00:12.015031 140176203846656 nfsp.py:146] _____________________________________________
I0311 19:00:23.242859 140176203846656 nfsp.py:142] Losses: [(0.1406058, nan), (0.22872394, nan)]
I0311 19:00:23.242969 140176203846656 nfsp.py:145] [1640000] Exploitability AVG: N/A
I0311 19:00:23.243009 140176203846656 nfsp.py:146] _____________________________________________
I0311 19:00:34.207378 140176203846656 nfsp.py:142] Losses: [(0.28976208, nan), (0.18958268, nan)]
I0311 19:00:34.207488 140176203846656 nfsp.py:145] [1650000] Exploitability AVG: N/A
I0311 19:00:34.207527 140176203846656 nfsp.py:146] _____________________________________________
I0311 19:00:45.546762 140176203846656 nfsp.py:142] Losses: [(0.19029084, nan), (0.20188022, nan)]
I0311 19:00:45.546869 140176203846656 nfsp.py:145] [1660000] Exploitability AVG: N/A
I0311 19:00:45.546908 140176203846656 nfsp.py:146] _____________________________________________
I0311 19:00:56.637720 140176203846656 nfsp.py:142] Losses: [(0.2414468, nan), (0.15584892, nan)]
I0311 19:00:56.637821 140176203846656 nfsp.py:145] [1670000] Exploitability AVG: N/A
I0311 19:00:56.637854 140176203846656 nfsp.py:146] _____________________________________________
I0311 19:01:07.611521 140176203846656 nfsp.py:142] Losses: [(0.24093026, nan), (0.1406312, nan)]
I0311 19:01:07.611889 140176203846656 nfsp.py:145] [1680000] Exploitability AVG: N/A
I0311 19:01:07.611937 140176203846656 nfsp.py:146] _____________________________________________
I0311 19:01:18.668451 140176203846656 nfsp.py:142] Losses: [(0.13711247, nan), (0.14233734, nan)]
I0311 19:01:18.668561 140176203846656 nfsp.py:145] [1690000] Exploitability AVG: N/A
I0311 19:01:18.668600 140176203846656 nfsp.py:146] _____________________________________________
I0311 19:01:29.631870 140176203846656 nfsp.py:142] Losses: [(0.18892515, nan), (0.2184768, nan)]
I0311 19:01:29.631981 140176203846656 nfsp.py:145] [1700000] Exploitability AVG: N/A
I0311 19:01:29.632022 140176203846656 nfsp.py:146] _____________________________________________
I0311 19:01:44.451887 140176203846656 nfsp.py:142] Losses: [(0.24019437, nan), (0.17480654, nan)]
I0311 19:01:44.452001 140176203846656 nfsp.py:145] [1710000] Exploitability AVG: N/A
I0311 19:01:44.452039 140176203846656 nfsp.py:146] _____________________________________________
I0311 19:01:55.492400 140176203846656 nfsp.py:142] Losses: [(0.16638985, nan), (0.21441928, nan)]
I0311 19:01:55.492501 140176203846656 nfsp.py:145] [1720000] Exploitability AVG: N/A
I0311 19:01:55.492535 140176203846656 nfsp.py:146] _____________________________________________
I0311 19:02:06.467702 140176203846656 nfsp.py:142] Losses: [(0.3705203, nan), (0.22196613, nan)]
I0311 19:02:06.468075 140176203846656 nfsp.py:145] [1730000] Exploitability AVG: N/A
I0311 19:02:06.468122 140176203846656 nfsp.py:146] _____________________________________________
I0311 19:02:17.337911 140176203846656 nfsp.py:142] Losses: [(0.21033126, nan), (0.20958002, nan)]
I0311 19:02:17.338016 140176203846656 nfsp.py:145] [1740000] Exploitability AVG: N/A
I0311 19:02:17.338054 140176203846656 nfsp.py:146] _____________________________________________
I0311 19:02:28.384937 140176203846656 nfsp.py:142] Losses: [(0.2863707, nan), (0.19067872, nan)]
I0311 19:02:28.385046 140176203846656 nfsp.py:145] [1750000] Exploitability AVG: N/A
I0311 19:02:28.385085 140176203846656 nfsp.py:146] _____________________________________________
I0311 19:02:39.436180 140176203846656 nfsp.py:142] Losses: [(0.11739284, nan), (0.19957799, nan)]
I0311 19:02:39.436294 140176203846656 nfsp.py:145] [1760000] Exploitability AVG: N/A
I0311 19:02:39.436341 140176203846656 nfsp.py:146] _____________________________________________
I0311 19:02:50.645083 140176203846656 nfsp.py:142] Losses: [(0.290402, nan), (0.1871818, nan)]
I0311 19:02:50.645189 140176203846656 nfsp.py:145] [1770000] Exploitability AVG: N/A
I0311 19:02:50.645222 140176203846656 nfsp.py:146] _____________________________________________
I0311 19:03:02.034845 140176203846656 nfsp.py:142] Losses: [(0.33837086, nan), (0.31953844, nan)]
I0311 19:03:02.034954 140176203846656 nfsp.py:145] [1780000] Exploitability AVG: N/A
I0311 19:03:02.034993 140176203846656 nfsp.py:146] _____________________________________________
I0311 19:03:12.975021 140176203846656 nfsp.py:142] Losses: [(0.23587437, nan), (0.27486324, nan)]
I0311 19:03:12.975334 140176203846656 nfsp.py:145] [1790000] Exploitability AVG: N/A
I0311 19:03:12.975382 140176203846656 nfsp.py:146] _____________________________________________
I0311 19:03:23.692376 140176203846656 nfsp.py:142] Losses: [(0.29142034, nan), (0.264172, nan)]
I0311 19:03:23.692558 140176203846656 nfsp.py:145] [1800000] Exploitability AVG: N/A
I0311 19:03:23.692598 140176203846656 nfsp.py:146] _____________________________________________
I0311 19:03:34.421639 140176203846656 nfsp.py:142] Losses: [(0.16516323, nan), (0.17378312, nan)]
I0311 19:03:34.421746 140176203846656 nfsp.py:145] [1810000] Exploitability AVG: N/A
I0311 19:03:34.421785 140176203846656 nfsp.py:146] _____________________________________________
I0311 19:03:45.563966 140176203846656 nfsp.py:142] Losses: [(0.29013664, nan), (0.23531944, nan)]
I0311 19:03:45.564073 140176203846656 nfsp.py:145] [1820000] Exploitability AVG: N/A
I0311 19:03:45.564112 140176203846656 nfsp.py:146] _____________________________________________
I0311 19:03:56.861720 140176203846656 nfsp.py:142] Losses: [(0.23880368, nan), (0.2756412, nan)]
I0311 19:03:56.861828 140176203846656 nfsp.py:145] [1830000] Exploitability AVG: N/A
I0311 19:03:56.861867 140176203846656 nfsp.py:146] _____________________________________________
I0311 19:04:08.068464 140176203846656 nfsp.py:142] Losses: [(0.19363254, nan), (0.27243072, nan)]
I0311 19:04:08.068573 140176203846656 nfsp.py:145] [1840000] Exploitability AVG: N/A
I0311 19:04:08.068613 140176203846656 nfsp.py:146] _____________________________________________
I0311 19:04:19.354170 140176203846656 nfsp.py:142] Losses: [(0.24226706, nan), (0.2408553, nan)]
I0311 19:04:19.354287 140176203846656 nfsp.py:145] [1850000] Exploitability AVG: N/A
I0311 19:04:19.354339 140176203846656 nfsp.py:146] _____________________________________________
I0311 19:04:30.409648 140176203846656 nfsp.py:142] Losses: [(0.24254823, nan), (0.13393492, nan)]
I0311 19:04:30.409769 140176203846656 nfsp.py:145] [1860000] Exploitability AVG: N/A
I0311 19:04:30.409809 140176203846656 nfsp.py:146] _____________________________________________
I0311 19:04:41.214176 140176203846656 nfsp.py:142] Losses: [(0.28782272, nan), (0.2707011, nan)]
I0311 19:04:41.214555 140176203846656 nfsp.py:145] [1870000] Exploitability AVG: N/A
I0311 19:04:41.214601 140176203846656 nfsp.py:146] _____________________________________________
I0311 19:04:56.237763 140176203846656 nfsp.py:142] Losses: [(0.14207396, nan), (0.21432881, nan)]
I0311 19:04:56.237869 140176203846656 nfsp.py:145] [1880000] Exploitability AVG: N/A
I0311 19:04:56.237907 140176203846656 nfsp.py:146] _____________________________________________
I0311 19:05:07.196674 140176203846656 nfsp.py:142] Losses: [(0.19005586, nan), (0.25116706, nan)]
I0311 19:05:07.196782 140176203846656 nfsp.py:145] [1890000] Exploitability AVG: N/A
I0311 19:05:07.196820 140176203846656 nfsp.py:146] _____________________________________________
I0311 19:05:18.266165 140176203846656 nfsp.py:142] Losses: [(0.16616267, nan), (0.16363457, nan)]
I0311 19:05:18.266276 140176203846656 nfsp.py:145] [1900000] Exploitability AVG: N/A
I0311 19:05:18.266323 140176203846656 nfsp.py:146] _____________________________________________
I0311 19:05:29.521313 140176203846656 nfsp.py:142] Losses: [(0.16448402, nan), (0.29147542, nan)]
I0311 19:05:29.521420 140176203846656 nfsp.py:145] [1910000] Exploitability AVG: N/A
I0311 19:05:29.521459 140176203846656 nfsp.py:146] _____________________________________________
I0311 19:05:40.701105 140176203846656 nfsp.py:142] Losses: [(0.2885576, nan), (0.21952824, nan)]
I0311 19:05:40.701217 140176203846656 nfsp.py:145] [1920000] Exploitability AVG: N/A
I0311 19:05:40.701256 140176203846656 nfsp.py:146] _____________________________________________
I0311 19:05:51.615916 140176203846656 nfsp.py:142] Losses: [(0.16280536, nan), (0.2190118, nan)]
I0311 19:05:51.616215 140176203846656 nfsp.py:145] [1930000] Exploitability AVG: N/A
I0311 19:05:51.616263 140176203846656 nfsp.py:146] _____________________________________________
I0311 19:06:02.487546 140176203846656 nfsp.py:142] Losses: [(0.24060245, nan), (0.33727688, nan)]
I0311 19:06:02.487727 140176203846656 nfsp.py:145] [1940000] Exploitability AVG: N/A
I0311 19:06:02.487768 140176203846656 nfsp.py:146] _____________________________________________
I0311 19:06:13.551831 140176203846656 nfsp.py:142] Losses: [(0.14344837, nan), (0.2627099, nan)]
I0311 19:06:13.551939 140176203846656 nfsp.py:145] [1950000] Exploitability AVG: N/A
I0311 19:06:13.551977 140176203846656 nfsp.py:146] _____________________________________________
I0311 19:06:24.852886 140176203846656 nfsp.py:142] Losses: [(0.23790124, nan), (0.23397852, nan)]
I0311 19:06:24.852993 140176203846656 nfsp.py:145] [1960000] Exploitability AVG: N/A
I0311 19:06:24.853031 140176203846656 nfsp.py:146] _____________________________________________
I0311 19:06:36.209498 140176203846656 nfsp.py:142] Losses: [(0.30701342, nan), (0.19590421, nan)]
I0311 19:06:36.209606 140176203846656 nfsp.py:145] [1970000] Exploitability AVG: N/A
I0311 19:06:36.209644 140176203846656 nfsp.py:146] _____________________________________________
I0311 19:06:47.446940 140176203846656 nfsp.py:142] Losses: [(0.33957502, nan), (0.16826856, nan)]
I0311 19:06:47.447048 140176203846656 nfsp.py:145] [1980000] Exploitability AVG: N/A
I0311 19:06:47.447087 140176203846656 nfsp.py:146] _____________________________________________
I0311 19:06:58.561986 140176203846656 nfsp.py:142] Losses: [(0.16125867, nan), (0.19115569, nan)]
I0311 19:06:58.562274 140176203846656 nfsp.py:145] [1990000] Exploitability AVG: N/A
I0311 19:06:58.562328 140176203846656 nfsp.py:146] _____________________________________________
I0311 19:07:09.474149 140176203846656 nfsp.py:142] Losses: [(0.21316546, nan), (0.15861675, nan)]
I0311 19:07:09.474338 140176203846656 nfsp.py:145] [2000000] Exploitability AVG: N/A
I0311 19:07:09.474379 140176203846656 nfsp.py:146] _____________________________________________
I0311 19:07:20.503655 140176203846656 nfsp.py:142] Losses: [(0.19134861, nan), (0.11719798, nan)]
I0311 19:07:20.503763 140176203846656 nfsp.py:145] [2010000] Exploitability AVG: N/A
I0311 19:07:20.503802 140176203846656 nfsp.py:146] _____________________________________________
I0311 19:07:31.620741 140176203846656 nfsp.py:142] Losses: [(0.19291943, nan), (0.23518392, nan)]
I0311 19:07:31.620851 140176203846656 nfsp.py:145] [2020000] Exploitability AVG: N/A
I0311 19:07:31.620890 140176203846656 nfsp.py:146] _____________________________________________
I0311 19:07:42.906647 140176203846656 nfsp.py:142] Losses: [(0.308726, nan), (0.24723706, nan)]
I0311 19:07:42.906757 140176203846656 nfsp.py:145] [2030000] Exploitability AVG: N/A
I0311 19:07:42.906795 140176203846656 nfsp.py:146] _____________________________________________
I0311 19:07:54.217564 140176203846656 nfsp.py:142] Losses: [(0.21546979, nan), (0.191614, nan)]
I0311 19:07:54.217673 140176203846656 nfsp.py:145] [2040000] Exploitability AVG: N/A
I0311 19:07:54.217711 140176203846656 nfsp.py:146] _____________________________________________
I0311 19:08:05.546315 140176203846656 nfsp.py:142] Losses: [(0.2837352, nan), (0.16788551, nan)]
I0311 19:08:05.546422 140176203846656 nfsp.py:145] [2050000] Exploitability AVG: N/A
I0311 19:08:05.546461 140176203846656 nfsp.py:146] _____________________________________________
I0311 19:08:20.307694 140176203846656 nfsp.py:142] Losses: [(0.36146045, nan), (0.20094523, nan)]
I0311 19:08:20.307893 140176203846656 nfsp.py:145] [2060000] Exploitability AVG: N/A
I0311 19:08:20.307934 140176203846656 nfsp.py:146] _____________________________________________
I0311 19:08:31.294089 140176203846656 nfsp.py:142] Losses: [(0.2907232, nan), (0.2854368, nan)]
I0311 19:08:31.294198 140176203846656 nfsp.py:145] [2070000] Exploitability AVG: N/A
I0311 19:08:31.294236 140176203846656 nfsp.py:146] _____________________________________________
I0311 19:08:42.447828 140176203846656 nfsp.py:142] Losses: [(0.1414119, nan), (0.37415487, nan)]
I0311 19:08:42.447936 140176203846656 nfsp.py:145] [2080000] Exploitability AVG: N/A
I0311 19:08:42.447974 140176203846656 nfsp.py:146] _____________________________________________
I0311 19:08:53.588289 140176203846656 nfsp.py:142] Losses: [(0.19173627, nan), (0.1862538, nan)]
I0311 19:08:53.588407 140176203846656 nfsp.py:145] [2090000] Exploitability AVG: N/A
I0311 19:08:53.588445 140176203846656 nfsp.py:146] _____________________________________________
I0311 19:09:04.885695 140176203846656 nfsp.py:142] Losses: [(0.26518142, nan), (0.22816747, nan)]
I0311 19:09:04.885803 140176203846656 nfsp.py:145] [2100000] Exploitability AVG: N/A
I0311 19:09:04.885841 140176203846656 nfsp.py:146] _____________________________________________
I0311 19:09:16.207138 140176203846656 nfsp.py:142] Losses: [(0.2880888, nan), (0.27192503, nan)]
I0311 19:09:16.207441 140176203846656 nfsp.py:145] [2110000] Exploitability AVG: N/A
I0311 19:09:16.207489 140176203846656 nfsp.py:146] _____________________________________________
I0311 19:09:27.169463 140176203846656 nfsp.py:142] Losses: [(0.16795644, nan), (0.1316576, nan)]
I0311 19:09:27.169643 140176203846656 nfsp.py:145] [2120000] Exploitability AVG: N/A
I0311 19:09:27.169684 140176203846656 nfsp.py:146] _____________________________________________
I0311 19:09:38.294400 140176203846656 nfsp.py:142] Losses: [(0.21654491, nan), (0.210057, nan)]
I0311 19:09:38.294509 140176203846656 nfsp.py:145] [2130000] Exploitability AVG: N/A
I0311 19:09:38.294548 140176203846656 nfsp.py:146] _____________________________________________
I0311 19:09:49.424029 140176203846656 nfsp.py:142] Losses: [(0.19215913, nan), (0.13870522, nan)]
I0311 19:09:49.424137 140176203846656 nfsp.py:145] [2140000] Exploitability AVG: N/A
I0311 19:09:49.424177 140176203846656 nfsp.py:146] _____________________________________________
I0311 19:10:00.845685 140176203846656 nfsp.py:142] Losses: [(0.21382514, nan), (0.264219, nan)]
I0311 19:10:00.845795 140176203846656 nfsp.py:145] [2150000] Exploitability AVG: N/A
I0311 19:10:00.845834 140176203846656 nfsp.py:146] _____________________________________________
I0311 19:10:12.178909 140176203846656 nfsp.py:142] Losses: [(0.16063926, nan), (0.27893397, nan)]
I0311 19:10:12.179017 140176203846656 nfsp.py:145] [2160000] Exploitability AVG: N/A
I0311 19:10:12.179055 140176203846656 nfsp.py:146] _____________________________________________
I0311 19:10:23.243055 140176203846656 nfsp.py:142] Losses: [(0.19171514, nan), (0.11179188, nan)]
I0311 19:10:23.243361 140176203846656 nfsp.py:145] [2170000] Exploitability AVG: N/A
I0311 19:10:23.243409 140176203846656 nfsp.py:146] _____________________________________________
I0311 19:10:34.290436 140176203846656 nfsp.py:142] Losses: [(0.24302791, nan), (0.18029049, nan)]
I0311 19:10:34.290617 140176203846656 nfsp.py:145] [2180000] Exploitability AVG: N/A
I0311 19:10:34.290656 140176203846656 nfsp.py:146] _____________________________________________
I0311 19:10:45.359398 140176203846656 nfsp.py:142] Losses: [(0.3446499, nan), (0.2096645, nan)]
I0311 19:10:45.359505 140176203846656 nfsp.py:145] [2190000] Exploitability AVG: N/A
I0311 19:10:45.359544 140176203846656 nfsp.py:146] _____________________________________________
I0311 19:10:56.482377 140176203846656 nfsp.py:142] Losses: [(0.26826042, nan), (0.217247, nan)]
I0311 19:10:56.482486 140176203846656 nfsp.py:145] [2200000] Exploitability AVG: N/A
I0311 19:10:56.482525 140176203846656 nfsp.py:146] _____________________________________________
I0311 19:11:07.959650 140176203846656 nfsp.py:142] Losses: [(0.190505, nan), (0.2673774, nan)]
I0311 19:11:07.959761 140176203846656 nfsp.py:145] [2210000] Exploitability AVG: N/A
I0311 19:11:07.959800 140176203846656 nfsp.py:146] _____________________________________________
I0311 19:11:19.188919 140176203846656 nfsp.py:142] Losses: [(0.30118167, nan), (0.23682, nan)]
I0311 19:11:19.189028 140176203846656 nfsp.py:145] [2220000] Exploitability AVG: N/A
I0311 19:11:19.189066 140176203846656 nfsp.py:146] _____________________________________________
I0311 19:11:30.208642 140176203846656 nfsp.py:142] Losses: [(0.19123058, nan), (0.2989825, nan)]
I0311 19:11:30.208937 140176203846656 nfsp.py:145] [2230000] Exploitability AVG: N/A
I0311 19:11:30.208984 140176203846656 nfsp.py:146] _____________________________________________
I0311 19:11:41.197910 140176203846656 nfsp.py:142] Losses: [(0.116654456, nan), (0.24880496, nan)]
I0311 19:11:41.198093 140176203846656 nfsp.py:145] [2240000] Exploitability AVG: N/A
I0311 19:11:41.198133 140176203846656 nfsp.py:146] _____________________________________________
I0311 19:11:52.641716 140176203846656 nfsp.py:142] Losses: [(0.16597477, nan), (0.24358001, nan)]
I0311 19:11:52.641824 140176203846656 nfsp.py:145] [2250000] Exploitability AVG: N/A
I0311 19:11:52.641862 140176203846656 nfsp.py:146] _____________________________________________
I0311 19:12:03.850092 140176203846656 nfsp.py:142] Losses: [(0.19135138, nan), (0.16995397, nan)]
I0311 19:12:03.850200 140176203846656 nfsp.py:145] [2260000] Exploitability AVG: N/A
I0311 19:12:03.850239 140176203846656 nfsp.py:146] _____________________________________________
I0311 19:12:15.101370 140176203846656 nfsp.py:142] Losses: [(0.29115382, nan), (0.16597706, nan)]
I0311 19:12:15.101478 140176203846656 nfsp.py:145] [2270000] Exploitability AVG: N/A
I0311 19:12:15.101516 140176203846656 nfsp.py:146] _____________________________________________
I0311 19:12:26.335020 140176203846656 nfsp.py:142] Losses: [(0.19011249, nan), (0.2571742, nan)]
I0311 19:12:26.335130 140176203846656 nfsp.py:145] [2280000] Exploitability AVG: N/A
I0311 19:12:26.335169 140176203846656 nfsp.py:146] _____________________________________________
I0311 19:12:37.546911 140176203846656 nfsp.py:142] Losses: [(0.19348767, nan), (0.15341528, nan)]
I0311 19:12:37.547277 140176203846656 nfsp.py:145] [2290000] Exploitability AVG: N/A
I0311 19:12:37.547331 140176203846656 nfsp.py:146] _____________________________________________
I0311 19:12:48.311216 140176203846656 nfsp.py:142] Losses: [(0.19429182, nan), (0.19091226, nan)]
I0311 19:12:48.311330 140176203846656 nfsp.py:145] [2300000] Exploitability AVG: N/A
I0311 19:12:48.311370 140176203846656 nfsp.py:146] _____________________________________________
I0311 19:12:59.279061 140176203846656 nfsp.py:142] Losses: [(0.3649646, nan), (0.16224521, nan)]
I0311 19:12:59.279169 140176203846656 nfsp.py:145] [2310000] Exploitability AVG: N/A
I0311 19:12:59.279206 140176203846656 nfsp.py:146] _____________________________________________
I0311 19:13:15.332825 140176203846656 nfsp.py:142] Losses: [(0.34015295, nan), (0.24058606, nan)]
I0311 19:13:15.332935 140176203846656 nfsp.py:145] [2320000] Exploitability AVG: N/A
I0311 19:13:15.332973 140176203846656 nfsp.py:146] _____________________________________________
I0311 19:13:26.403148 140176203846656 nfsp.py:142] Losses: [(0.16665578, nan), (0.19185811, nan)]
I0311 19:13:26.403257 140176203846656 nfsp.py:145] [2330000] Exploitability AVG: N/A
I0311 19:13:26.403295 140176203846656 nfsp.py:146] _____________________________________________
I0311 19:13:37.688059 140176203846656 nfsp.py:142] Losses: [(0.14148545, nan), (0.26506132, nan)]
I0311 19:13:37.688168 140176203846656 nfsp.py:145] [2340000] Exploitability AVG: N/A
I0311 19:13:37.688206 140176203846656 nfsp.py:146] _____________________________________________
I0311 19:13:48.763550 140176203846656 nfsp.py:142] Losses: [(0.26538056, nan), (0.25530303, nan)]
I0311 19:13:48.763850 140176203846656 nfsp.py:145] [2350000] Exploitability AVG: N/A
I0311 19:13:48.763896 140176203846656 nfsp.py:146] _____________________________________________
I0311 19:13:59.892849 140176203846656 nfsp.py:142] Losses: [(0.24131934, nan), (0.13921793, nan)]
I0311 19:13:59.893025 140176203846656 nfsp.py:145] [2360000] Exploitability AVG: N/A
I0311 19:13:59.893064 140176203846656 nfsp.py:146] _____________________________________________
I0311 19:14:11.256126 140176203846656 nfsp.py:142] Losses: [(0.14218843, nan), (0.2389653, nan)]
I0311 19:14:11.256235 140176203846656 nfsp.py:145] [2370000] Exploitability AVG: N/A
I0311 19:14:11.256272 140176203846656 nfsp.py:146] _____________________________________________
I0311 19:14:22.564882 140176203846656 nfsp.py:142] Losses: [(0.19455287, nan), (0.15928863, nan)]
I0311 19:14:22.564992 140176203846656 nfsp.py:145] [2380000] Exploitability AVG: N/A
I0311 19:14:22.565030 140176203846656 nfsp.py:146] _____________________________________________
I0311 19:14:33.842340 140176203846656 nfsp.py:142] Losses: [(0.2396396, nan), (0.22034463, nan)]
I0311 19:14:33.842449 140176203846656 nfsp.py:145] [2390000] Exploitability AVG: N/A
I0311 19:14:33.842488 140176203846656 nfsp.py:146] _____________________________________________
I0311 19:14:45.102855 140176203846656 nfsp.py:142] Losses: [(0.14137727, nan), (0.27326712, nan)]
I0311 19:14:45.102963 140176203846656 nfsp.py:145] [2400000] Exploitability AVG: N/A
I0311 19:14:45.103001 140176203846656 nfsp.py:146] _____________________________________________
I0311 19:14:56.510162 140176203846656 nfsp.py:142] Losses: [(0.16515552, nan), (0.22686002, nan)]
I0311 19:14:56.510488 140176203846656 nfsp.py:145] [2410000] Exploitability AVG: N/A
I0311 19:14:56.510528 140176203846656 nfsp.py:146] _____________________________________________
I0311 19:15:07.295962 140176203846656 nfsp.py:142] Losses: [(0.315602, nan), (0.21997043, nan)]
I0311 19:15:07.296074 140176203846656 nfsp.py:145] [2420000] Exploitability AVG: N/A
I0311 19:15:07.296113 140176203846656 nfsp.py:146] _____________________________________________
I0311 19:15:18.195519 140176203846656 nfsp.py:142] Losses: [(0.19316289, nan), (0.29802972, nan)]
I0311 19:15:18.195629 140176203846656 nfsp.py:145] [2430000] Exploitability AVG: N/A
I0311 19:15:18.195667 140176203846656 nfsp.py:146] _____________________________________________
I0311 19:15:29.750508 140176203846656 nfsp.py:142] Losses: [(0.21087123, nan), (0.10868265, nan)]
I0311 19:15:29.750612 140176203846656 nfsp.py:145] [2440000] Exploitability AVG: N/A
I0311 19:15:29.750650 140176203846656 nfsp.py:146] _____________________________________________
I0311 19:15:41.013434 140176203846656 nfsp.py:142] Losses: [(0.14021485, nan), (0.15745503, nan)]
I0311 19:15:41.013542 140176203846656 nfsp.py:145] [2450000] Exploitability AVG: N/A
I0311 19:15:41.013580 140176203846656 nfsp.py:146] _____________________________________________
I0311 19:15:52.394165 140176203846656 nfsp.py:142] Losses: [(0.16589192, nan), (0.22187845, nan)]
I0311 19:15:52.394271 140176203846656 nfsp.py:145] [2460000] Exploitability AVG: N/A
I0311 19:15:52.394319 140176203846656 nfsp.py:146] _____________________________________________
I0311 19:16:03.628447 140176203846656 nfsp.py:142] Losses: [(0.14040147, nan), (0.32768562, nan)]
I0311 19:16:03.628558 140176203846656 nfsp.py:145] [2470000] Exploitability AVG: N/A
I0311 19:16:03.628597 140176203846656 nfsp.py:146] _____________________________________________
I0311 19:16:14.834626 140176203846656 nfsp.py:142] Losses: [(0.14159241, nan), (0.28514558, nan)]
I0311 19:16:14.834995 140176203846656 nfsp.py:145] [2480000] Exploitability AVG: N/A
I0311 19:16:14.835043 140176203846656 nfsp.py:146] _____________________________________________
I0311 19:16:26.000132 140176203846656 nfsp.py:142] Losses: [(0.143902, nan), (0.12396769, nan)]
I0311 19:16:26.000241 140176203846656 nfsp.py:145] [2490000] Exploitability AVG: N/A
I0311 19:16:26.000280 140176203846656 nfsp.py:146] _____________________________________________
I0311 19:16:37.248922 140176203846656 nfsp.py:142] Losses: [(0.19351171, nan), (0.27589345, nan)]
I0311 19:16:37.249023 140176203846656 nfsp.py:145] [2500000] Exploitability AVG: N/A
I0311 19:16:37.249054 140176203846656 nfsp.py:146] _____________________________________________
I0311 19:16:49.006459 140176203846656 nfsp.py:142] Losses: [(0.29330486, nan), (0.21213637, nan)]
I0311 19:16:49.006568 140176203846656 nfsp.py:145] [2510000] Exploitability AVG: N/A
I0311 19:16:49.006606 140176203846656 nfsp.py:146] _____________________________________________
I0311 19:17:00.348593 140176203846656 nfsp.py:142] Losses: [(0.28872085, nan), (0.20776138, nan)]
I0311 19:17:00.348704 140176203846656 nfsp.py:145] [2520000] Exploitability AVG: N/A
I0311 19:17:00.348742 140176203846656 nfsp.py:146] _____________________________________________
I0311 19:17:11.645015 140176203846656 nfsp.py:142] Losses: [(0.19195583, nan), (0.12583238, nan)]
I0311 19:17:11.645122 140176203846656 nfsp.py:145] [2530000] Exploitability AVG: N/A
I0311 19:17:11.645161 140176203846656 nfsp.py:146] _____________________________________________
I0311 19:17:22.608619 140176203846656 nfsp.py:142] Losses: [(0.19236052, nan), (0.20639575, nan)]
I0311 19:17:22.608984 140176203846656 nfsp.py:145] [2540000] Exploitability AVG: N/A
I0311 19:17:22.609031 140176203846656 nfsp.py:146] _____________________________________________
I0311 19:17:33.995707 140176203846656 nfsp.py:142] Losses: [(0.19113995, nan), (0.15984394, nan)]
I0311 19:17:33.995814 140176203846656 nfsp.py:145] [2550000] Exploitability AVG: N/A
I0311 19:17:33.995853 140176203846656 nfsp.py:146] _____________________________________________
I0311 19:17:45.102658 140176203846656 nfsp.py:142] Losses: [(0.25833192, nan), (0.32629782, nan)]
I0311 19:17:45.102766 140176203846656 nfsp.py:145] [2560000] Exploitability AVG: N/A
I0311 19:17:45.102804 140176203846656 nfsp.py:146] _____________________________________________
I0311 19:17:56.358190 140176203846656 nfsp.py:142] Losses: [(0.14921288, nan), (0.27597672, nan)]
I0311 19:17:56.358306 140176203846656 nfsp.py:145] [2570000] Exploitability AVG: N/A
I0311 19:17:56.358346 140176203846656 nfsp.py:146] _____________________________________________
I0311 19:18:07.893900 140176203846656 nfsp.py:142] Losses: [(0.2373579, nan), (0.22421151, nan)]
I0311 19:18:07.894010 140176203846656 nfsp.py:145] [2580000] Exploitability AVG: N/A
I0311 19:18:07.894049 140176203846656 nfsp.py:146] _____________________________________________
I0311 19:18:19.202408 140176203846656 nfsp.py:142] Losses: [(0.29154575, nan), (0.19206424, nan)]
I0311 19:18:19.202517 140176203846656 nfsp.py:145] [2590000] Exploitability AVG: N/A
I0311 19:18:19.202556 140176203846656 nfsp.py:146] _____________________________________________
I0311 19:18:30.347041 140176203846656 nfsp.py:142] Losses: [(0.35746455, nan), (0.2824148, nan)]
I0311 19:18:30.347347 140176203846656 nfsp.py:145] [2600000] Exploitability AVG: N/A
I0311 19:18:30.347393 140176203846656 nfsp.py:146] _____________________________________________
I0311 19:18:41.652646 140176203846656 nfsp.py:142] Losses: [(0.14097627, nan), (0.15337259, nan)]
I0311 19:18:41.652827 140176203846656 nfsp.py:145] [2610000] Exploitability AVG: N/A
I0311 19:18:41.652866 140176203846656 nfsp.py:146] _____________________________________________
I0311 19:18:52.854541 140176203846656 nfsp.py:142] Losses: [(0.23775376, nan), (0.30105546, nan)]
I0311 19:18:52.854650 140176203846656 nfsp.py:145] [2620000] Exploitability AVG: N/A
I0311 19:18:52.854688 140176203846656 nfsp.py:146] _____________________________________________
I0311 19:19:04.218659 140176203846656 nfsp.py:142] Losses: [(0.21167901, nan), (0.20133314, nan)]
I0311 19:19:04.218768 140176203846656 nfsp.py:145] [2630000] Exploitability AVG: N/A
I0311 19:19:04.218806 140176203846656 nfsp.py:146] _____________________________________________
I0311 19:19:15.646234 140176203846656 nfsp.py:142] Losses: [(0.16684926, nan), (0.17484924, nan)]
I0311 19:19:15.646348 140176203846656 nfsp.py:145] [2640000] Exploitability AVG: N/A
I0311 19:19:15.646387 140176203846656 nfsp.py:146] _____________________________________________
I0311 19:19:27.305977 140176203846656 nfsp.py:142] Losses: [(0.21600981, nan), (0.16585442, nan)]
I0311 19:19:27.306085 140176203846656 nfsp.py:145] [2650000] Exploitability AVG: N/A
I0311 19:19:27.306122 140176203846656 nfsp.py:146] _____________________________________________
I0311 19:19:38.491278 140176203846656 nfsp.py:142] Losses: [(0.19178304, nan), (0.23279834, nan)]
I0311 19:19:38.491651 140176203846656 nfsp.py:145] [2660000] Exploitability AVG: N/A
I0311 19:19:38.491698 140176203846656 nfsp.py:146] _____________________________________________
I0311 19:19:49.373080 140176203846656 nfsp.py:142] Losses: [(0.26382872, nan), (0.1866285, nan)]
I0311 19:19:49.373184 140176203846656 nfsp.py:145] [2670000] Exploitability AVG: N/A
I0311 19:19:49.373224 140176203846656 nfsp.py:146] _____________________________________________
I0311 19:20:00.801308 140176203846656 nfsp.py:142] Losses: [(0.21654305, nan), (0.24471737, nan)]
I0311 19:20:00.801419 140176203846656 nfsp.py:145] [2680000] Exploitability AVG: N/A
I0311 19:20:00.801456 140176203846656 nfsp.py:146] _____________________________________________
I0311 19:20:16.951308 140176203846656 nfsp.py:142] Losses: [(0.1419507, nan), (0.21788937, nan)]
I0311 19:20:16.951417 140176203846656 nfsp.py:145] [2690000] Exploitability AVG: N/A
I0311 19:20:16.951455 140176203846656 nfsp.py:146] _____________________________________________
I0311 19:20:28.439609 140176203846656 nfsp.py:142] Losses: [(0.21573332, nan), (0.3141252, nan)]
I0311 19:20:28.439716 140176203846656 nfsp.py:145] [2700000] Exploitability AVG: N/A
I0311 19:20:28.439754 140176203846656 nfsp.py:146] _____________________________________________
I0311 19:20:39.820860 140176203846656 nfsp.py:142] Losses: [(0.21646208, nan), (0.21477664, nan)]
I0311 19:20:39.820994 140176203846656 nfsp.py:145] [2710000] Exploitability AVG: N/A
I0311 19:20:39.821035 140176203846656 nfsp.py:146] _____________________________________________
I0311 19:20:50.786798 140176203846656 nfsp.py:142] Losses: [(0.26532257, nan), (0.2801199, nan)]
I0311 19:20:50.787137 140176203846656 nfsp.py:145] [2720000] Exploitability AVG: N/A
I0311 19:20:50.787182 140176203846656 nfsp.py:146] _____________________________________________
I0311 19:21:02.027248 140176203846656 nfsp.py:142] Losses: [(0.21572001, nan), (0.33318058, nan)]
I0311 19:21:02.027355 140176203846656 nfsp.py:145] [2730000] Exploitability AVG: N/A
I0311 19:21:02.027388 140176203846656 nfsp.py:146] _____________________________________________
I0311 19:21:13.656682 140176203846656 nfsp.py:142] Losses: [(0.23660678, nan), (0.24780384, nan)]
I0311 19:21:13.656789 140176203846656 nfsp.py:145] [2740000] Exploitability AVG: N/A
I0311 19:21:13.656828 140176203846656 nfsp.py:146] _____________________________________________
I0311 19:21:25.154133 140176203846656 nfsp.py:142] Losses: [(0.2164926, nan), (0.1566912, nan)]
I0311 19:21:25.154240 140176203846656 nfsp.py:145] [2750000] Exploitability AVG: N/A
I0311 19:21:25.154278 140176203846656 nfsp.py:146] _____________________________________________
I0311 19:21:36.765925 140176203846656 nfsp.py:142] Losses: [(0.1358979, nan), (0.22524078, nan)]
I0311 19:21:36.766034 140176203846656 nfsp.py:145] [2760000] Exploitability AVG: N/A
I0311 19:21:36.766075 140176203846656 nfsp.py:146] _____________________________________________
I0311 19:21:51.049176 140176203846656 nfsp.py:142] Losses: [(0.24604002, nan), (0.2427502, nan)]
I0311 19:21:51.050209 140176203846656 nfsp.py:145] [2770000] Exploitability AVG: N/A
I0311 19:21:51.050278 140176203846656 nfsp.py:146] _____________________________________________
I0311 19:22:10.466620 140176203846656 nfsp.py:142] Losses: [(0.21693522, nan), (0.20151192, nan)]
I0311 19:22:10.466992 140176203846656 nfsp.py:145] [2780000] Exploitability AVG: N/A
I0311 19:22:10.467041 140176203846656 nfsp.py:146] _____________________________________________
I0311 19:22:26.091027 140176203846656 nfsp.py:142] Losses: [(0.162859, nan), (0.18036398, nan)]
I0311 19:22:26.091423 140176203846656 nfsp.py:145] [2790000] Exploitability AVG: N/A
I0311 19:22:26.091471 140176203846656 nfsp.py:146] _____________________________________________
I0311 19:22:40.991428 140176203846656 nfsp.py:142] Losses: [(0.21692878, nan), (0.18740566, nan)]
I0311 19:22:40.991814 140176203846656 nfsp.py:145] [2800000] Exploitability AVG: N/A
I0311 19:22:40.991863 140176203846656 nfsp.py:146] _____________________________________________
I0311 19:22:55.937224 140176203846656 nfsp.py:142] Losses: [(0.21339726, nan), (0.1527, nan)]
I0311 19:22:55.937603 140176203846656 nfsp.py:145] [2810000] Exploitability AVG: N/A
I0311 19:22:55.937650 140176203846656 nfsp.py:146] _____________________________________________
I0311 19:23:09.888157 140176203846656 nfsp.py:142] Losses: [(0.21542734, nan), (0.2035549, nan)]
I0311 19:23:09.888546 140176203846656 nfsp.py:145] [2820000] Exploitability AVG: N/A
I0311 19:23:09.888597 140176203846656 nfsp.py:146] _____________________________________________
I0311 19:23:23.614552 140176203846656 nfsp.py:142] Losses: [(0.11178337, nan), (0.2460437, nan)]
I0311 19:23:23.614929 140176203846656 nfsp.py:145] [2830000] Exploitability AVG: N/A
I0311 19:23:23.614977 140176203846656 nfsp.py:146] _____________________________________________
I0311 19:23:37.680891 140176203846656 nfsp.py:142] Losses: [(0.25173342, nan), (0.2974221, nan)]
I0311 19:23:37.681011 140176203846656 nfsp.py:145] [2840000] Exploitability AVG: N/A
I0311 19:23:37.681051 140176203846656 nfsp.py:146] _____________________________________________
I0311 19:23:50.902038 140176203846656 nfsp.py:142] Losses: [(0.23464437, nan), (0.25493234, nan)]
I0311 19:23:50.902433 140176203846656 nfsp.py:145] [2850000] Exploitability AVG: N/A
I0311 19:23:50.902482 140176203846656 nfsp.py:146] _____________________________________________
I0311 19:24:04.083861 140176203846656 nfsp.py:142] Losses: [(0.24251449, nan), (0.24880563, nan)]
I0311 19:24:04.084241 140176203846656 nfsp.py:145] [2860000] Exploitability AVG: N/A
I0311 19:24:04.084290 140176203846656 nfsp.py:146] _____________________________________________
I0311 19:24:17.535130 140176203846656 nfsp.py:142] Losses: [(0.21686815, nan), (0.23890558, nan)]
I0311 19:24:17.535252 140176203846656 nfsp.py:145] [2870000] Exploitability AVG: N/A
I0311 19:24:17.535292 140176203846656 nfsp.py:146] _____________________________________________
I0311 19:24:30.386985 140176203846656 nfsp.py:142] Losses: [(0.21631491, nan), (0.23780568, nan)]
I0311 19:24:30.387375 140176203846656 nfsp.py:145] [2880000] Exploitability AVG: N/A
I0311 19:24:30.387423 140176203846656 nfsp.py:146] _____________________________________________
I0311 19:24:42.953873 140176203846656 nfsp.py:142] Losses: [(0.26532617, nan), (0.18987182, nan)]
I0311 19:24:42.953999 140176203846656 nfsp.py:145] [2890000] Exploitability AVG: N/A
I0311 19:24:42.954039 140176203846656 nfsp.py:146] _____________________________________________
I0311 19:24:56.014223 140176203846656 nfsp.py:142] Losses: [(0.1929143, nan), (0.13172117, nan)]
I0311 19:24:56.014537 140176203846656 nfsp.py:145] [2900000] Exploitability AVG: N/A
I0311 19:24:56.014589 140176203846656 nfsp.py:146] _____________________________________________
I0311 19:25:09.259735 140176203846656 nfsp.py:142] Losses: [(0.21807194, nan), (0.23177266, nan)]
I0311 19:25:09.259927 140176203846656 nfsp.py:145] [2910000] Exploitability AVG: N/A
I0311 19:25:09.259967 140176203846656 nfsp.py:146] _____________________________________________
I0311 19:25:22.080943 140176203846656 nfsp.py:142] Losses: [(0.18578346, nan), (0.25217378, nan)]
I0311 19:25:22.081060 140176203846656 nfsp.py:145] [2920000] Exploitability AVG: N/A
I0311 19:25:22.081099 140176203846656 nfsp.py:146] _____________________________________________
I0311 19:25:34.521980 140176203846656 nfsp.py:142] Losses: [(0.12416734, nan), (0.21301329, nan)]
I0311 19:25:34.522359 140176203846656 nfsp.py:145] [2930000] Exploitability AVG: N/A
I0311 19:25:34.522407 140176203846656 nfsp.py:146] _____________________________________________
I0311 19:25:47.234731 140176203846656 nfsp.py:142] Losses: [(0.31376737, nan), (0.17917964, nan)]
I0311 19:25:47.234851 140176203846656 nfsp.py:145] [2940000] Exploitability AVG: N/A
I0311 19:25:47.234891 140176203846656 nfsp.py:146] _____________________________________________
I0311 19:25:59.812909 140176203846656 nfsp.py:142] Losses: [(0.06519984, nan), (0.21152619, nan)]
I0311 19:25:59.813028 140176203846656 nfsp.py:145] [2950000] Exploitability AVG: N/A
I0311 19:25:59.813067 140176203846656 nfsp.py:146] _____________________________________________
I0311 19:26:12.295738 140176203846656 nfsp.py:142] Losses: [(0.1929786, nan), (0.28890517, nan)]
I0311 19:26:12.296126 140176203846656 nfsp.py:145] [2960000] Exploitability AVG: N/A
I0311 19:26:12.296174 140176203846656 nfsp.py:146] _____________________________________________
I0311 19:26:24.705969 140176203846656 nfsp.py:142] Losses: [(0.26581335, nan), (0.24687807, nan)]
I0311 19:26:24.706089 140176203846656 nfsp.py:145] [2970000] Exploitability AVG: N/A
I0311 19:26:24.706128 140176203846656 nfsp.py:146] _____________________________________________
I0311 19:26:37.805766 140176203846656 nfsp.py:142] Losses: [(0.23490956, nan), (0.26446056, nan)]
I0311 19:26:37.805882 140176203846656 nfsp.py:145] [2980000] Exploitability AVG: N/A
I0311 19:26:37.805922 140176203846656 nfsp.py:146] _____________________________________________
I0311 19:26:49.975461 140176203846656 nfsp.py:142] Losses: [(0.11608459, nan), (0.15550604, nan)]
I0311 19:26:49.975836 140176203846656 nfsp.py:145] [2990000] Exploitability AVG: N/A
I0311 19:26:49.975883 140176203846656 nfsp.py:146] _____________________________________________
I0311 19:27:02.343534 140176203846656 nfsp.py:142] Losses: [(0.26244307, nan), (0.20171794, nan)]
I0311 19:27:02.343652 140176203846656 nfsp.py:145] [3000000] Exploitability AVG: N/A
I0311 19:27:02.343692 140176203846656 nfsp.py:146] _____________________________________________
I0311 19:27:02.410189 140176203846656 nfsp.py:293] Saved to path: agent_1/q_network_pid0
I0311 19:27:02.444365 140176203846656 nfsp.py:293] Saved to path: agent_1/avg_network_pid0
I0311 19:27:02.473793 140176203846656 nfsp.py:293] Saved to path: agent_2/q_network_pid1
I0311 19:27:02.506782 140176203846656 nfsp.py:293] Saved to path: agent_2/avg_network_pid1
